[kbplacer_plugin_action.py:77]: Plugin executed with KiCad version: 7.0.9
[kbplacer_plugin_action.py:78]: Plugin executed with python version: '3.9.16 (main, Oct 13 2023, 05:50:11) [MSC v.1936 64 bit (AMD64)]'
[kbplacer_dialog.py:511]: Language: en
[kbplacer_plugin_action.py:94]: GUI state: {"switch_section": {"annotation": "S{}", "layout_path": "", "x_distance": "19.05", "y_distance": "19.05"}, "switch_diodes_section": {"enable": true, "route_switches_with_diodes": true, "element_info": {"annotation_format": "D{}", "position_option": "Default", "position": {"relative_position": [5.08, 3.03], "orientation": 90.0, "side": "BACK"}, "template_path": ""}}, "additional_elements": {"elements_info": []}, "misc_section": {"route_rows_and_columns": false, "template_path": ""}}
[key_placer.py:64]: Set key 1U distance: 19050000/19050000
[key_placer.py:426]: Diode info: ElementInfo(annotation_format='D{}', position_option=<PositionOption.DEFAULT: 'Default'>, position=ElementPosition(relative_position=Point(x=5.08, y=3.03), orientation=90.0, side=<Side.BACK: True>), template_path='')
[board_modifier.py:95]: Getting S1 footprint position: (125095000, 35560000)
[board_modifier.py:62]: Searching for D1 footprint in C:\Users\NickB\OneDrive\Desktop\fulcrum v4\fulcrum v4\fulcrum v4.kicad_pcb
[board_modifier.py:82]: Setting D1 footprint position: (130175000, 38590000)
[board_modifier.py:95]: Getting S2 footprint position: (144145000, 35560000)
[board_modifier.py:62]: Searching for D2 footprint in C:\Users\NickB\OneDrive\Desktop\fulcrum v4\fulcrum v4\fulcrum v4.kicad_pcb
[board_modifier.py:82]: Setting D2 footprint position: (149225000, 38590000)
[board_modifier.py:95]: Getting S3 footprint position: (163195000, 35560000)
[board_modifier.py:62]: Searching for D3 footprint in C:\Users\NickB\OneDrive\Desktop\fulcrum v4\fulcrum v4\fulcrum v4.kicad_pcb
[board_modifier.py:82]: Setting D3 footprint position: (168275000, 38590000)
[board_modifier.py:95]: Getting S4 footprint position: (182245000, 35560000)
[board_modifier.py:62]: Searching for D4 footprint in C:\Users\NickB\OneDrive\Desktop\fulcrum v4\fulcrum v4\fulcrum v4.kicad_pcb
[board_modifier.py:82]: Setting D4 footprint position: (187325000, 38590000)
[board_modifier.py:95]: Getting S5 footprint position: (201295000, 35560000)
[board_modifier.py:62]: Searching for D5 footprint in C:\Users\NickB\OneDrive\Desktop\fulcrum v4\fulcrum v4\fulcrum v4.kicad_pcb
[board_modifier.py:82]: Setting D5 footprint position: (206375000, 38590000)
[board_modifier.py:95]: Getting S6 footprint position: (220345000, 35560000)
[board_modifier.py:62]: Searching for D6 footprint in C:\Users\NickB\OneDrive\Desktop\fulcrum v4\fulcrum v4\fulcrum v4.kicad_pcb
[board_modifier.py:82]: Setting D6 footprint position: (225425000, 38590000)
[board_modifier.py:95]: Getting S7 footprint position: (125095000, 54610000)
[board_modifier.py:62]: Searching for D7 footprint in C:\Users\NickB\OneDrive\Desktop\fulcrum v4\fulcrum v4\fulcrum v4.kicad_pcb
[board_modifier.py:82]: Setting D7 footprint position: (130175000, 57640000)
[board_modifier.py:95]: Getting S8 footprint position: (144145000, 54610000)
[board_modifier.py:62]: Searching for D8 footprint in C:\Users\NickB\OneDrive\Desktop\fulcrum v4\fulcrum v4\fulcrum v4.kicad_pcb
[board_modifier.py:82]: Setting D8 footprint position: (149225000, 57640000)
[board_modifier.py:95]: Getting S9 footprint position: (163195000, 54610000)
[board_modifier.py:62]: Searching for D9 footprint in C:\Users\NickB\OneDrive\Desktop\fulcrum v4\fulcrum v4\fulcrum v4.kicad_pcb
[board_modifier.py:82]: Setting D9 footprint position: (168275000, 57640000)
[board_modifier.py:95]: Getting S10 footprint position: (182245000, 54610000)
[board_modifier.py:62]: Searching for D10 footprint in C:\Users\NickB\OneDrive\Desktop\fulcrum v4\fulcrum v4\fulcrum v4.kicad_pcb
[board_modifier.py:82]: Setting D10 footprint position: (187325000, 57640000)
[board_modifier.py:95]: Getting S11 footprint position: (201295000, 54610000)
[board_modifier.py:62]: Searching for D11 footprint in C:\Users\NickB\OneDrive\Desktop\fulcrum v4\fulcrum v4\fulcrum v4.kicad_pcb
[board_modifier.py:82]: Setting D11 footprint position: (206375000, 57640000)
[board_modifier.py:95]: Getting S12 footprint position: (220345000, 54610000)
[board_modifier.py:62]: Searching for D12 footprint in C:\Users\NickB\OneDrive\Desktop\fulcrum v4\fulcrum v4\fulcrum v4.kicad_pcb
[board_modifier.py:82]: Setting D12 footprint position: (225425000, 57640000)
[board_modifier.py:95]: Getting S13 footprint position: (125095000, 73660000)
[board_modifier.py:62]: Searching for D13 footprint in C:\Users\NickB\OneDrive\Desktop\fulcrum v4\fulcrum v4\fulcrum v4.kicad_pcb
[board_modifier.py:82]: Setting D13 footprint position: (130175000, 76690000)
[board_modifier.py:95]: Getting S14 footprint position: (144145000, 73660000)
[board_modifier.py:62]: Searching for D14 footprint in C:\Users\NickB\OneDrive\Desktop\fulcrum v4\fulcrum v4\fulcrum v4.kicad_pcb
[board_modifier.py:82]: Setting D14 footprint position: (149225000, 76690000)
[board_modifier.py:95]: Getting S15 footprint position: (163195000, 73660000)
[board_modifier.py:62]: Searching for D15 footprint in C:\Users\NickB\OneDrive\Desktop\fulcrum v4\fulcrum v4\fulcrum v4.kicad_pcb
[board_modifier.py:82]: Setting D15 footprint position: (168275000, 76690000)
[board_modifier.py:95]: Getting S16 footprint position: (182245000, 73660000)
[board_modifier.py:62]: Searching for D16 footprint in C:\Users\NickB\OneDrive\Desktop\fulcrum v4\fulcrum v4\fulcrum v4.kicad_pcb
[board_modifier.py:82]: Setting D16 footprint position: (187325000, 76690000)
[board_modifier.py:95]: Getting S17 footprint position: (201295000, 73660000)
[board_modifier.py:62]: Searching for D17 footprint in C:\Users\NickB\OneDrive\Desktop\fulcrum v4\fulcrum v4\fulcrum v4.kicad_pcb
[board_modifier.py:82]: Setting D17 footprint position: (206375000, 76690000)
[board_modifier.py:95]: Getting S18 footprint position: (220345000, 73660000)
[board_modifier.py:62]: Searching for D18 footprint in C:\Users\NickB\OneDrive\Desktop\fulcrum v4\fulcrum v4\fulcrum v4.kicad_pcb
[board_modifier.py:82]: Setting D18 footprint position: (225425000, 76690000)
[board_modifier.py:95]: Getting S19 footprint position: (125095000, 92710000)
[board_modifier.py:62]: Searching for D19 footprint in C:\Users\NickB\OneDrive\Desktop\fulcrum v4\fulcrum v4\fulcrum v4.kicad_pcb
[board_modifier.py:82]: Setting D19 footprint position: (130175000, 95740000)
[board_modifier.py:95]: Getting S20 footprint position: (144145000, 92710000)
[board_modifier.py:62]: Searching for D20 footprint in C:\Users\NickB\OneDrive\Desktop\fulcrum v4\fulcrum v4\fulcrum v4.kicad_pcb
[board_modifier.py:82]: Setting D20 footprint position: (149225000, 95740000)
[board_modifier.py:95]: Getting S21 footprint position: (163195000, 92710000)
[board_modifier.py:62]: Searching for D21 footprint in C:\Users\NickB\OneDrive\Desktop\fulcrum v4\fulcrum v4\fulcrum v4.kicad_pcb
[board_modifier.py:82]: Setting D21 footprint position: (168275000, 95740000)
[board_modifier.py:95]: Getting S22 footprint position: (182245000, 92710000)
[board_modifier.py:62]: Searching for D22 footprint in C:\Users\NickB\OneDrive\Desktop\fulcrum v4\fulcrum v4\fulcrum v4.kicad_pcb
[board_modifier.py:82]: Setting D22 footprint position: (187325000, 95740000)
[board_modifier.py:95]: Getting S23 footprint position: (201295000, 92710000)
[board_modifier.py:62]: Searching for D23 footprint in C:\Users\NickB\OneDrive\Desktop\fulcrum v4\fulcrum v4\fulcrum v4.kicad_pcb
[board_modifier.py:82]: Setting D23 footprint position: (206375000, 95740000)
[board_modifier.py:95]: Getting S24 footprint position: (220345000, 92710000)
[board_modifier.py:62]: Searching for D24 footprint in C:\Users\NickB\OneDrive\Desktop\fulcrum v4\fulcrum v4\fulcrum v4.kicad_pcb
[board_modifier.py:82]: Setting D24 footprint position: (225425000, 95740000)
[board_modifier.py:95]: Getting S25 footprint position: (97900000, 113275000)
[board_modifier.py:62]: Searching for D25 footprint in C:\Users\NickB\OneDrive\Desktop\fulcrum v4\fulcrum v4\fulcrum v4.kicad_pcb
[board_modifier.py:82]: Setting D25 footprint position: (102980000, 116305000)
[board_modifier.py:95]: Getting S26 footprint position: (116315000, 110735000)
[board_modifier.py:62]: Searching for D26 footprint in C:\Users\NickB\OneDrive\Desktop\fulcrum v4\fulcrum v4\fulcrum v4.kicad_pcb
[board_modifier.py:82]: Setting D26 footprint position: (121395000, 113765000)
[board_modifier.py:95]: Getting S27 footprint position: (136525000, 111125000)
[board_modifier.py:62]: Searching for D27 footprint in C:\Users\NickB\OneDrive\Desktop\fulcrum v4\fulcrum v4\fulcrum v4.kicad_pcb
[board_modifier.py:65]: Footprint not found
[board_modifier.py:62]: Searching for D1 footprint in C:\Users\NickB\OneDrive\Desktop\fulcrum v4\fulcrum v4\fulcrum v4.kicad_pcb
[key_placer.py:93]: Routing S1 with D1
[key_placer.py:129]: Using internal autorouter method
[board_modifier.py:405]: Routing at B.Cu layer
[board_modifier.py:458]: Routing pad (130937000, 30480000) with pad (130175000, 38270000) at 0 degree angle
[board_modifier.py:264]: Track collide with pad S1:
[board_modifier.py:254]: Track collision ignored, track starts or ends in pad S1:2
[board_modifier.py:285]: Track collision ignored, track starts or ends at the end of 8779d8c9-d43d-47bd-8a0e-f2b71a263008 track
[board_modifier.py:342]: Could not add track segment due to detected collision
[board_modifier.py:254]: Track collision ignored, track starts or ends in pad S1:2
[board_modifier.py:285]: Track collision ignored, track starts or ends at the end of 8779d8c9-d43d-47bd-8a0e-f2b71a263008 track
[board_modifier.py:336]: Adding track segment (B.Cu): [(130937000, 30480000), (130175000, 29718000)]
[board_modifier.py:264]: Track collide with pad S1:
[board_modifier.py:254]: Track collision ignored, track starts or ends in pad S1:2
[board_modifier.py:254]: Track collision ignored, track starts or ends in pad D1:
[board_modifier.py:254]: Track collision ignored, track starts or ends in pad D1:2
[board_modifier.py:285]: Track collision ignored, track starts or ends at the end of 7f59ca1d-4f82-4fb3-9d99-10bf13ec8cb7 track
[board_modifier.py:342]: Could not add track segment due to detected collision
[board_modifier.py:62]: Searching for D2 footprint in C:\Users\NickB\OneDrive\Desktop\fulcrum v4\fulcrum v4\fulcrum v4.kicad_pcb
[key_placer.py:93]: Routing S2 with D2
[key_placer.py:129]: Using internal autorouter method
[board_modifier.py:405]: Routing at B.Cu layer
[board_modifier.py:458]: Routing pad (149987000, 30480000) with pad (149225000, 36940000) at 0 degree angle
[board_modifier.py:264]: Track collide with pad S2:
[board_modifier.py:254]: Track collision ignored, track starts or ends in pad S2:2
[board_modifier.py:285]: Track collision ignored, track starts or ends at the end of 1ed1bfa9-f8fa-4e2a-81dd-a466f1e4849d track
[board_modifier.py:342]: Could not add track segment due to detected collision
[board_modifier.py:254]: Track collision ignored, track starts or ends in pad S2:2
[board_modifier.py:285]: Track collision ignored, track starts or ends at the end of 1ed1bfa9-f8fa-4e2a-81dd-a466f1e4849d track
[board_modifier.py:336]: Adding track segment (B.Cu): [(149987000, 30480000), (149225000, 29718000)]
[board_modifier.py:264]: Track collide with pad S2:
[board_modifier.py:254]: Track collision ignored, track starts or ends in pad S2:2
[board_modifier.py:254]: Track collision ignored, track starts or ends in pad D2:2
[board_modifier.py:285]: Track collision ignored, track starts or ends at the end of 0c19743e-d446-45b2-bd45-203954dab595 track
[board_modifier.py:342]: Could not add track segment due to detected collision
[board_modifier.py:62]: Searching for D3 footprint in C:\Users\NickB\OneDrive\Desktop\fulcrum v4\fulcrum v4\fulcrum v4.kicad_pcb
[key_placer.py:93]: Routing S3 with D3
[key_placer.py:129]: Using internal autorouter method
[board_modifier.py:405]: Routing at B.Cu layer
[board_modifier.py:458]: Routing pad (169037000, 30480000) with pad (168275000, 36940000) at 0 degree angle
[board_modifier.py:264]: Track collide with pad S3:
[board_modifier.py:254]: Track collision ignored, track starts or ends in pad S3:2
[board_modifier.py:285]: Track collision ignored, track starts or ends at the end of 7a900522-fa62-4ef2-9745-a077f9a29062 track
[board_modifier.py:342]: Could not add track segment due to detected collision
[board_modifier.py:254]: Track collision ignored, track starts or ends in pad S3:2
[board_modifier.py:285]: Track collision ignored, track starts or ends at the end of 7a900522-fa62-4ef2-9745-a077f9a29062 track
[board_modifier.py:336]: Adding track segment (B.Cu): [(169037000, 30480000), (168275000, 29718000)]
[board_modifier.py:264]: Track collide with pad S3:
[board_modifier.py:254]: Track collision ignored, track starts or ends in pad S3:2
[board_modifier.py:254]: Track collision ignored, track starts or ends in pad D3:2
[board_modifier.py:285]: Track collision ignored, track starts or ends at the end of 274b7407-ed82-4810-ac71-f9572b950ceb track
[board_modifier.py:342]: Could not add track segment due to detected collision
[board_modifier.py:62]: Searching for D4 footprint in C:\Users\NickB\OneDrive\Desktop\fulcrum v4\fulcrum v4\fulcrum v4.kicad_pcb
[key_placer.py:93]: Routing S4 with D4
[key_placer.py:129]: Using internal autorouter method
[board_modifier.py:405]: Routing at B.Cu layer
[board_modifier.py:458]: Routing pad (188087000, 30480000) with pad (187325000, 36940000) at 0 degree angle
[board_modifier.py:264]: Track collide with pad S4:
[board_modifier.py:254]: Track collision ignored, track starts or ends in pad S4:2
[board_modifier.py:285]: Track collision ignored, track starts or ends at the end of 1db88cb8-f982-4f00-a1f4-3c32f38fe78f track
[board_modifier.py:342]: Could not add track segment due to detected collision
[board_modifier.py:254]: Track collision ignored, track starts or ends in pad S4:2
[board_modifier.py:285]: Track collision ignored, track starts or ends at the end of 1db88cb8-f982-4f00-a1f4-3c32f38fe78f track
[board_modifier.py:336]: Adding track segment (B.Cu): [(188087000, 30480000), (187325000, 29718000)]
[board_modifier.py:264]: Track collide with pad S4:
[board_modifier.py:254]: Track collision ignored, track starts or ends in pad S4:2
[board_modifier.py:254]: Track collision ignored, track starts or ends in pad D4:2
[board_modifier.py:285]: Track collision ignored, track starts or ends at the end of defa5b76-61af-4ec9-9bc6-13e7cdf3a228 track
[board_modifier.py:342]: Could not add track segment due to detected collision
[board_modifier.py:62]: Searching for D5 footprint in C:\Users\NickB\OneDrive\Desktop\fulcrum v4\fulcrum v4\fulcrum v4.kicad_pcb
[key_placer.py:93]: Routing S5 with D5
[key_placer.py:129]: Using internal autorouter method
[board_modifier.py:405]: Routing at B.Cu layer
[board_modifier.py:458]: Routing pad (207137000, 30480000) with pad (206375000, 36940000) at 0 degree angle
[board_modifier.py:264]: Track collide with pad S5:
[board_modifier.py:254]: Track collision ignored, track starts or ends in pad S5:2
[board_modifier.py:285]: Track collision ignored, track starts or ends at the end of 0ecbef3d-3cc7-4bfe-bfe2-e25f9c542c34 track
[board_modifier.py:308]: Track collide with another track: 222c741b-fd6c-4738-bbe3-24994c54d759
[board_modifier.py:342]: Could not add track segment due to detected collision
[board_modifier.py:254]: Track collision ignored, track starts or ends in pad S5:2
[board_modifier.py:285]: Track collision ignored, track starts or ends at the end of 0ecbef3d-3cc7-4bfe-bfe2-e25f9c542c34 track
[board_modifier.py:336]: Adding track segment (B.Cu): [(207137000, 30480000), (206375000, 29718000)]
[board_modifier.py:264]: Track collide with pad S5:
[board_modifier.py:254]: Track collision ignored, track starts or ends in pad S5:2
[board_modifier.py:254]: Track collision ignored, track starts or ends in pad D5:2
[board_modifier.py:285]: Track collision ignored, track starts or ends at the end of afb51346-4643-4a8e-bf18-73646c4d47e6 track
[board_modifier.py:308]: Track collide with another track: 0f2bab17-4d35-47ed-99e0-daaba24b72de
[board_modifier.py:308]: Track collide with another track: 222c741b-fd6c-4738-bbe3-24994c54d759
[board_modifier.py:342]: Could not add track segment due to detected collision
[board_modifier.py:62]: Searching for D6 footprint in C:\Users\NickB\OneDrive\Desktop\fulcrum v4\fulcrum v4\fulcrum v4.kicad_pcb
[key_placer.py:93]: Routing S6 with D6
[key_placer.py:129]: Using internal autorouter method
[board_modifier.py:405]: Routing at B.Cu layer
[board_modifier.py:458]: Routing pad (226187000, 30480000) with pad (225425000, 36940000) at 0 degree angle
[board_modifier.py:264]: Track collide with pad S6:
[board_modifier.py:254]: Track collision ignored, track starts or ends in pad S6:2
[board_modifier.py:285]: Track collision ignored, track starts or ends at the end of abc2ce02-b2b1-4f04-97fb-ba1ef11e5e80 track
[board_modifier.py:342]: Could not add track segment due to detected collision
[board_modifier.py:254]: Track collision ignored, track starts or ends in pad S6:2
[board_modifier.py:285]: Track collision ignored, track starts or ends at the end of abc2ce02-b2b1-4f04-97fb-ba1ef11e5e80 track
[board_modifier.py:336]: Adding track segment (B.Cu): [(226187000, 30480000), (225425000, 29718000)]
[board_modifier.py:264]: Track collide with pad S6:
[board_modifier.py:254]: Track collision ignored, track starts or ends in pad S6:2
[board_modifier.py:254]: Track collision ignored, track starts or ends in pad D6:2
[board_modifier.py:285]: Track collision ignored, track starts or ends at the end of 794179f4-cf02-4cfc-945f-ecb7d043a19c track
[board_modifier.py:342]: Could not add track segment due to detected collision
[board_modifier.py:62]: Searching for D7 footprint in C:\Users\NickB\OneDrive\Desktop\fulcrum v4\fulcrum v4\fulcrum v4.kicad_pcb
[key_placer.py:93]: Routing S7 with D7
[key_placer.py:129]: Using internal autorouter method
[board_modifier.py:405]: Routing at B.Cu layer
[board_modifier.py:458]: Routing pad (130937000, 49530000) with pad (130175000, 55990000) at 0 degree angle
[board_modifier.py:264]: Track collide with pad S7:
[board_modifier.py:254]: Track collision ignored, track starts or ends in pad S7:2
[board_modifier.py:285]: Track collision ignored, track starts or ends at the end of b179c4df-e27c-4c5e-9204-15215f166ff8 track
[board_modifier.py:342]: Could not add track segment due to detected collision
[board_modifier.py:254]: Track collision ignored, track starts or ends in pad S7:2
[board_modifier.py:285]: Track collision ignored, track starts or ends at the end of b179c4df-e27c-4c5e-9204-15215f166ff8 track
[board_modifier.py:336]: Adding track segment (B.Cu): [(130937000, 49530000), (130175000, 48768000)]
[board_modifier.py:264]: Track collide with pad S7:
[board_modifier.py:254]: Track collision ignored, track starts or ends in pad S7:2
[board_modifier.py:254]: Track collision ignored, track starts or ends in pad D7:2
[board_modifier.py:285]: Track collision ignored, track starts or ends at the end of 9ee667c2-f13e-4846-8e35-82247939bc43 track
[board_modifier.py:342]: Could not add track segment due to detected collision
[board_modifier.py:62]: Searching for D8 footprint in C:\Users\NickB\OneDrive\Desktop\fulcrum v4\fulcrum v4\fulcrum v4.kicad_pcb
[key_placer.py:93]: Routing S8 with D8
[key_placer.py:129]: Using internal autorouter method
[board_modifier.py:405]: Routing at B.Cu layer
[board_modifier.py:458]: Routing pad (149987000, 49530000) with pad (149225000, 55990000) at 0 degree angle
[board_modifier.py:264]: Track collide with pad S8:
[board_modifier.py:254]: Track collision ignored, track starts or ends in pad S8:2
[board_modifier.py:285]: Track collision ignored, track starts or ends at the end of 711fb478-bb7b-448f-bba4-14f95feafae7 track
[board_modifier.py:342]: Could not add track segment due to detected collision
[board_modifier.py:254]: Track collision ignored, track starts or ends in pad S8:2
[board_modifier.py:285]: Track collision ignored, track starts or ends at the end of 711fb478-bb7b-448f-bba4-14f95feafae7 track
[board_modifier.py:336]: Adding track segment (B.Cu): [(149987000, 49530000), (149225000, 48768000)]
[board_modifier.py:264]: Track collide with pad S8:
[board_modifier.py:254]: Track collision ignored, track starts or ends in pad S8:2
[board_modifier.py:254]: Track collision ignored, track starts or ends in pad D8:2
[board_modifier.py:285]: Track collision ignored, track starts or ends at the end of 025f625d-e24c-42e7-8c37-94acb43046b4 track
[board_modifier.py:342]: Could not add track segment due to detected collision
[board_modifier.py:62]: Searching for D9 footprint in C:\Users\NickB\OneDrive\Desktop\fulcrum v4\fulcrum v4\fulcrum v4.kicad_pcb
[key_placer.py:93]: Routing S9 with D9
[key_placer.py:129]: Using internal autorouter method
[board_modifier.py:405]: Routing at B.Cu layer
[board_modifier.py:458]: Routing pad (169037000, 49530000) with pad (168275000, 55990000) at 0 degree angle
[board_modifier.py:254]: Track collision ignored, track starts or ends in pad S9:2
[board_modifier.py:264]: Track collide with pad S9:
[board_modifier.py:285]: Track collision ignored, track starts or ends at the end of 01e8dd4c-2a90-457f-a016-2636eee21384 track
[board_modifier.py:342]: Could not add track segment due to detected collision
[board_modifier.py:254]: Track collision ignored, track starts or ends in pad S9:2
[board_modifier.py:285]: Track collision ignored, track starts or ends at the end of 01e8dd4c-2a90-457f-a016-2636eee21384 track
[board_modifier.py:336]: Adding track segment (B.Cu): [(169037000, 49530000), (168275000, 48768000)]
[board_modifier.py:254]: Track collision ignored, track starts or ends in pad S9:2
[board_modifier.py:264]: Track collide with pad S9:
[board_modifier.py:254]: Track collision ignored, track starts or ends in pad D9:2
[board_modifier.py:285]: Track collision ignored, track starts or ends at the end of f7c27456-afcb-4131-a99d-e930fda33aa5 track
[board_modifier.py:342]: Could not add track segment due to detected collision
[board_modifier.py:62]: Searching for D10 footprint in C:\Users\NickB\OneDrive\Desktop\fulcrum v4\fulcrum v4\fulcrum v4.kicad_pcb
[key_placer.py:93]: Routing S10 with D10
[key_placer.py:129]: Using internal autorouter method
[board_modifier.py:405]: Routing at B.Cu layer
[board_modifier.py:458]: Routing pad (188087000, 49530000) with pad (187325000, 55990000) at 0 degree angle
[board_modifier.py:264]: Track collide with pad S10:
[board_modifier.py:254]: Track collision ignored, track starts or ends in pad S10:2
[board_modifier.py:285]: Track collision ignored, track starts or ends at the end of 25e8ef32-833b-4d4c-b2bf-7d458b8a56d7 track
[board_modifier.py:342]: Could not add track segment due to detected collision
[board_modifier.py:254]: Track collision ignored, track starts or ends in pad S10:2
[board_modifier.py:285]: Track collision ignored, track starts or ends at the end of 25e8ef32-833b-4d4c-b2bf-7d458b8a56d7 track
[board_modifier.py:336]: Adding track segment (B.Cu): [(188087000, 49530000), (187325000, 48768000)]
[board_modifier.py:264]: Track collide with pad S10:
[board_modifier.py:254]: Track collision ignored, track starts or ends in pad S10:2
[board_modifier.py:254]: Track collision ignored, track starts or ends in pad D10:2
[board_modifier.py:285]: Track collision ignored, track starts or ends at the end of bae53a88-9005-4c5f-ae50-ff7f6da11ab6 track
[board_modifier.py:342]: Could not add track segment due to detected collision
[board_modifier.py:62]: Searching for D11 footprint in C:\Users\NickB\OneDrive\Desktop\fulcrum v4\fulcrum v4\fulcrum v4.kicad_pcb
[key_placer.py:93]: Routing S11 with D11
[key_placer.py:129]: Using internal autorouter method
[board_modifier.py:405]: Routing at B.Cu layer
[board_modifier.py:458]: Routing pad (207137000, 49530000) with pad (206375000, 55990000) at 0 degree angle
[board_modifier.py:264]: Track collide with pad S11:
[board_modifier.py:254]: Track collision ignored, track starts or ends in pad S11:2
[board_modifier.py:285]: Track collision ignored, track starts or ends at the end of f4dae6fe-f5fa-4ce2-865f-a58298db9f65 track
[board_modifier.py:342]: Could not add track segment due to detected collision
[board_modifier.py:254]: Track collision ignored, track starts or ends in pad S11:2
[board_modifier.py:285]: Track collision ignored, track starts or ends at the end of f4dae6fe-f5fa-4ce2-865f-a58298db9f65 track
[board_modifier.py:336]: Adding track segment (B.Cu): [(207137000, 49530000), (206375000, 48768000)]
[board_modifier.py:264]: Track collide with pad S11:
[board_modifier.py:254]: Track collision ignored, track starts or ends in pad S11:2
[board_modifier.py:254]: Track collision ignored, track starts or ends in pad D11:2
[board_modifier.py:285]: Track collision ignored, track starts or ends at the end of b21a9eb2-e1a6-4eac-8bcb-eb30d5daffb8 track
[board_modifier.py:342]: Could not add track segment due to detected collision
[board_modifier.py:62]: Searching for D12 footprint in C:\Users\NickB\OneDrive\Desktop\fulcrum v4\fulcrum v4\fulcrum v4.kicad_pcb
[key_placer.py:93]: Routing S12 with D12
[key_placer.py:129]: Using internal autorouter method
[board_modifier.py:405]: Routing at B.Cu layer
[board_modifier.py:458]: Routing pad (226187000, 49530000) with pad (225425000, 55990000) at 0 degree angle
[board_modifier.py:264]: Track collide with pad S12:
[board_modifier.py:254]: Track collision ignored, track starts or ends in pad S12:2
[board_modifier.py:285]: Track collision ignored, track starts or ends at the end of 278289b4-9840-4bf1-8828-0846e1b66073 track
[board_modifier.py:342]: Could not add track segment due to detected collision
[board_modifier.py:254]: Track collision ignored, track starts or ends in pad S12:2
[board_modifier.py:285]: Track collision ignored, track starts or ends at the end of 278289b4-9840-4bf1-8828-0846e1b66073 track
[board_modifier.py:336]: Adding track segment (B.Cu): [(226187000, 49530000), (225425000, 48768000)]
[board_modifier.py:264]: Track collide with pad S12:
[board_modifier.py:254]: Track collision ignored, track starts or ends in pad S12:2
[board_modifier.py:254]: Track collision ignored, track starts or ends in pad D12:2
[board_modifier.py:285]: Track collision ignored, track starts or ends at the end of 7d158331-42a6-4a96-8cf5-22abcd152a60 track
[board_modifier.py:342]: Could not add track segment due to detected collision
[board_modifier.py:62]: Searching for D13 footprint in C:\Users\NickB\OneDrive\Desktop\fulcrum v4\fulcrum v4\fulcrum v4.kicad_pcb
[key_placer.py:93]: Routing S13 with D13
[key_placer.py:129]: Using internal autorouter method
[board_modifier.py:405]: Routing at B.Cu layer
[board_modifier.py:458]: Routing pad (130937000, 68580000) with pad (130175000, 75040000) at 0 degree angle
[board_modifier.py:264]: Track collide with pad S13:
[board_modifier.py:254]: Track collision ignored, track starts or ends in pad S13:2
[board_modifier.py:285]: Track collision ignored, track starts or ends at the end of d68fbdcc-987a-4ae1-a1b0-696c5beccaa2 track
[board_modifier.py:342]: Could not add track segment due to detected collision
[board_modifier.py:254]: Track collision ignored, track starts or ends in pad S13:2
[board_modifier.py:285]: Track collision ignored, track starts or ends at the end of d68fbdcc-987a-4ae1-a1b0-696c5beccaa2 track
[board_modifier.py:336]: Adding track segment (B.Cu): [(130937000, 68580000), (130175000, 67818000)]
[board_modifier.py:264]: Track collide with pad S13:
[board_modifier.py:254]: Track collision ignored, track starts or ends in pad S13:2
[board_modifier.py:254]: Track collision ignored, track starts or ends in pad D13:2
[board_modifier.py:285]: Track collision ignored, track starts or ends at the end of dd178caa-55f8-4276-9705-321025996dd6 track
[board_modifier.py:342]: Could not add track segment due to detected collision
[board_modifier.py:62]: Searching for D14 footprint in C:\Users\NickB\OneDrive\Desktop\fulcrum v4\fulcrum v4\fulcrum v4.kicad_pcb
[key_placer.py:93]: Routing S14 with D14
[key_placer.py:129]: Using internal autorouter method
[board_modifier.py:405]: Routing at B.Cu layer
[board_modifier.py:458]: Routing pad (149987000, 68580000) with pad (149225000, 75040000) at 0 degree angle
[board_modifier.py:264]: Track collide with pad S14:
[board_modifier.py:254]: Track collision ignored, track starts or ends in pad S14:2
[board_modifier.py:285]: Track collision ignored, track starts or ends at the end of be23dedf-ee24-423b-a99e-0b5c9d3f96ed track
[board_modifier.py:342]: Could not add track segment due to detected collision
[board_modifier.py:254]: Track collision ignored, track starts or ends in pad S14:2
[board_modifier.py:285]: Track collision ignored, track starts or ends at the end of be23dedf-ee24-423b-a99e-0b5c9d3f96ed track
[board_modifier.py:336]: Adding track segment (B.Cu): [(149987000, 68580000), (149225000, 67818000)]
[board_modifier.py:264]: Track collide with pad S14:
[board_modifier.py:254]: Track collision ignored, track starts or ends in pad S14:2
[board_modifier.py:254]: Track collision ignored, track starts or ends in pad D14:2
[board_modifier.py:285]: Track collision ignored, track starts or ends at the end of 83c03746-eaae-4f40-a302-f0d9383689e6 track
[board_modifier.py:342]: Could not add track segment due to detected collision
[board_modifier.py:62]: Searching for D15 footprint in C:\Users\NickB\OneDrive\Desktop\fulcrum v4\fulcrum v4\fulcrum v4.kicad_pcb
[key_placer.py:93]: Routing S15 with D15
[key_placer.py:129]: Using internal autorouter method
[board_modifier.py:405]: Routing at B.Cu layer
[board_modifier.py:458]: Routing pad (169037000, 68580000) with pad (168275000, 75040000) at 0 degree angle
[board_modifier.py:264]: Track collide with pad S15:
[board_modifier.py:254]: Track collision ignored, track starts or ends in pad S15:2
[board_modifier.py:285]: Track collision ignored, track starts or ends at the end of 880d52e7-0daa-4b3c-9244-913d5150a089 track
[board_modifier.py:342]: Could not add track segment due to detected collision
[board_modifier.py:254]: Track collision ignored, track starts or ends in pad S15:2
[board_modifier.py:285]: Track collision ignored, track starts or ends at the end of 880d52e7-0daa-4b3c-9244-913d5150a089 track
[board_modifier.py:336]: Adding track segment (B.Cu): [(169037000, 68580000), (168275000, 67818000)]
[board_modifier.py:264]: Track collide with pad S15:
[board_modifier.py:254]: Track collision ignored, track starts or ends in pad S15:2
[board_modifier.py:254]: Track collision ignored, track starts or ends in pad D15:2
[board_modifier.py:285]: Track collision ignored, track starts or ends at the end of 4a25e8c6-e620-4eae-b610-c45ddc1fa59f track
[board_modifier.py:342]: Could not add track segment due to detected collision
[board_modifier.py:62]: Searching for D16 footprint in C:\Users\NickB\OneDrive\Desktop\fulcrum v4\fulcrum v4\fulcrum v4.kicad_pcb
[key_placer.py:93]: Routing S16 with D16
[key_placer.py:129]: Using internal autorouter method
[board_modifier.py:405]: Routing at B.Cu layer
[board_modifier.py:458]: Routing pad (188087000, 68580000) with pad (187325000, 75040000) at 0 degree angle
[board_modifier.py:264]: Track collide with pad S16:
[board_modifier.py:254]: Track collision ignored, track starts or ends in pad S16:2
[board_modifier.py:285]: Track collision ignored, track starts or ends at the end of 6a03dc15-315c-4a17-b315-16a69620980a track
[board_modifier.py:342]: Could not add track segment due to detected collision
[board_modifier.py:254]: Track collision ignored, track starts or ends in pad S16:2
[board_modifier.py:285]: Track collision ignored, track starts or ends at the end of 6a03dc15-315c-4a17-b315-16a69620980a track
[board_modifier.py:336]: Adding track segment (B.Cu): [(188087000, 68580000), (187325000, 67818000)]
[board_modifier.py:264]: Track collide with pad S16:
[board_modifier.py:254]: Track collision ignored, track starts or ends in pad S16:2
[board_modifier.py:254]: Track collision ignored, track starts or ends in pad D16:2
[board_modifier.py:285]: Track collision ignored, track starts or ends at the end of ced9f339-8273-4116-a13a-381280717996 track
[board_modifier.py:342]: Could not add track segment due to detected collision
[board_modifier.py:62]: Searching for D17 footprint in C:\Users\NickB\OneDrive\Desktop\fulcrum v4\fulcrum v4\fulcrum v4.kicad_pcb
[key_placer.py:93]: Routing S17 with D17
[key_placer.py:129]: Using internal autorouter method
[board_modifier.py:405]: Routing at B.Cu layer
[board_modifier.py:458]: Routing pad (207137000, 68580000) with pad (206375000, 75040000) at 0 degree angle
[board_modifier.py:264]: Track collide with pad S17:
[board_modifier.py:254]: Track collision ignored, track starts or ends in pad S17:2
[board_modifier.py:285]: Track collision ignored, track starts or ends at the end of 7d02d9b6-f2d2-475a-aa87-29a4196b8b22 track
[board_modifier.py:342]: Could not add track segment due to detected collision
[board_modifier.py:254]: Track collision ignored, track starts or ends in pad S17:2
[board_modifier.py:285]: Track collision ignored, track starts or ends at the end of 7d02d9b6-f2d2-475a-aa87-29a4196b8b22 track
[board_modifier.py:336]: Adding track segment (B.Cu): [(207137000, 68580000), (206375000, 67818000)]
[board_modifier.py:264]: Track collide with pad S17:
[board_modifier.py:254]: Track collision ignored, track starts or ends in pad S17:2
[board_modifier.py:254]: Track collision ignored, track starts or ends in pad D17:2
[board_modifier.py:285]: Track collision ignored, track starts or ends at the end of d5c1d8b8-e774-4f9d-973f-1a95447879f9 track
[board_modifier.py:342]: Could not add track segment due to detected collision
[board_modifier.py:62]: Searching for D18 footprint in C:\Users\NickB\OneDrive\Desktop\fulcrum v4\fulcrum v4\fulcrum v4.kicad_pcb
[key_placer.py:93]: Routing S18 with D18
[key_placer.py:129]: Using internal autorouter method
[board_modifier.py:405]: Routing at B.Cu layer
[board_modifier.py:458]: Routing pad (226187000, 68580000) with pad (225425000, 75040000) at 0 degree angle
[board_modifier.py:264]: Track collide with pad S18:
[board_modifier.py:254]: Track collision ignored, track starts or ends in pad S18:2
[board_modifier.py:285]: Track collision ignored, track starts or ends at the end of 040bebf8-f3f0-46b5-9ce0-43711aa232f1 track
[board_modifier.py:342]: Could not add track segment due to detected collision
[board_modifier.py:254]: Track collision ignored, track starts or ends in pad S18:2
[board_modifier.py:285]: Track collision ignored, track starts or ends at the end of 040bebf8-f3f0-46b5-9ce0-43711aa232f1 track
[board_modifier.py:336]: Adding track segment (B.Cu): [(226187000, 68580000), (225425000, 67818000)]
[board_modifier.py:264]: Track collide with pad S18:
[board_modifier.py:254]: Track collision ignored, track starts or ends in pad S18:2
[board_modifier.py:254]: Track collision ignored, track starts or ends in pad D18:2
[board_modifier.py:285]: Track collision ignored, track starts or ends at the end of b74bb200-203a-4847-b37c-e6a8838c3382 track
[board_modifier.py:342]: Could not add track segment due to detected collision
[board_modifier.py:62]: Searching for D19 footprint in C:\Users\NickB\OneDrive\Desktop\fulcrum v4\fulcrum v4\fulcrum v4.kicad_pcb
[key_placer.py:93]: Routing S19 with D19
[key_placer.py:129]: Using internal autorouter method
[board_modifier.py:405]: Routing at B.Cu layer
[board_modifier.py:458]: Routing pad (130937000, 87630000) with pad (130175000, 94090000) at 0 degree angle
[board_modifier.py:264]: Track collide with pad S19:
[board_modifier.py:254]: Track collision ignored, track starts or ends in pad S19:2
[board_modifier.py:285]: Track collision ignored, track starts or ends at the end of ce3a967a-6f59-4f04-8265-5e08a32090f4 track
[board_modifier.py:342]: Could not add track segment due to detected collision
[board_modifier.py:254]: Track collision ignored, track starts or ends in pad S19:2
[board_modifier.py:285]: Track collision ignored, track starts or ends at the end of ce3a967a-6f59-4f04-8265-5e08a32090f4 track
[board_modifier.py:336]: Adding track segment (B.Cu): [(130937000, 87630000), (130175000, 86868000)]
[board_modifier.py:264]: Track collide with pad S19:
[board_modifier.py:254]: Track collision ignored, track starts or ends in pad S19:2
[board_modifier.py:254]: Track collision ignored, track starts or ends in pad D19:2
[board_modifier.py:285]: Track collision ignored, track starts or ends at the end of 4fbee4f0-c75f-4174-b4d9-399fa1209a90 track
[board_modifier.py:342]: Could not add track segment due to detected collision
[board_modifier.py:62]: Searching for D20 footprint in C:\Users\NickB\OneDrive\Desktop\fulcrum v4\fulcrum v4\fulcrum v4.kicad_pcb
[key_placer.py:93]: Routing S20 with D20
[key_placer.py:129]: Using internal autorouter method
[board_modifier.py:405]: Routing at B.Cu layer
[board_modifier.py:458]: Routing pad (149987000, 87630000) with pad (149225000, 94090000) at 0 degree angle
[board_modifier.py:264]: Track collide with pad S20:
[board_modifier.py:254]: Track collision ignored, track starts or ends in pad S20:2
[board_modifier.py:285]: Track collision ignored, track starts or ends at the end of 56db6535-dd56-482e-a809-77150dcc7f69 track
[board_modifier.py:342]: Could not add track segment due to detected collision
[board_modifier.py:254]: Track collision ignored, track starts or ends in pad S20:2
[board_modifier.py:285]: Track collision ignored, track starts or ends at the end of 56db6535-dd56-482e-a809-77150dcc7f69 track
[board_modifier.py:336]: Adding track segment (B.Cu): [(149987000, 87630000), (149225000, 86868000)]
[board_modifier.py:264]: Track collide with pad S20:
[board_modifier.py:254]: Track collision ignored, track starts or ends in pad S20:2
[board_modifier.py:254]: Track collision ignored, track starts or ends in pad D20:2
[board_modifier.py:285]: Track collision ignored, track starts or ends at the end of 1f482c15-5961-4255-9fc0-633e528d5707 track
[board_modifier.py:342]: Could not add track segment due to detected collision
[board_modifier.py:62]: Searching for D21 footprint in C:\Users\NickB\OneDrive\Desktop\fulcrum v4\fulcrum v4\fulcrum v4.kicad_pcb
[key_placer.py:93]: Routing S21 with D21
[key_placer.py:129]: Using internal autorouter method
[board_modifier.py:405]: Routing at B.Cu layer
[board_modifier.py:458]: Routing pad (169037000, 87630000) with pad (168275000, 94090000) at 0 degree angle
[board_modifier.py:264]: Track collide with pad S21:
[board_modifier.py:254]: Track collision ignored, track starts or ends in pad S21:2
[board_modifier.py:285]: Track collision ignored, track starts or ends at the end of 46aa4e79-5ebe-4b2f-bd61-90c4f0a22009 track
[board_modifier.py:342]: Could not add track segment due to detected collision
[board_modifier.py:254]: Track collision ignored, track starts or ends in pad S21:2
[board_modifier.py:285]: Track collision ignored, track starts or ends at the end of 46aa4e79-5ebe-4b2f-bd61-90c4f0a22009 track
[board_modifier.py:336]: Adding track segment (B.Cu): [(169037000, 87630000), (168275000, 86868000)]
[board_modifier.py:264]: Track collide with pad S21:
[board_modifier.py:254]: Track collision ignored, track starts or ends in pad S21:2
[board_modifier.py:254]: Track collision ignored, track starts or ends in pad D21:2
[board_modifier.py:285]: Track collision ignored, track starts or ends at the end of f5d4a972-6b8d-4af7-bf42-b9363ef40a2d track
[board_modifier.py:342]: Could not add track segment due to detected collision
[board_modifier.py:62]: Searching for D22 footprint in C:\Users\NickB\OneDrive\Desktop\fulcrum v4\fulcrum v4\fulcrum v4.kicad_pcb
[key_placer.py:93]: Routing S22 with D22
[key_placer.py:129]: Using internal autorouter method
[board_modifier.py:405]: Routing at B.Cu layer
[board_modifier.py:458]: Routing pad (188087000, 87630000) with pad (187325000, 94090000) at 0 degree angle
[board_modifier.py:264]: Track collide with pad S22:
[board_modifier.py:254]: Track collision ignored, track starts or ends in pad S22:2
[board_modifier.py:285]: Track collision ignored, track starts or ends at the end of 0280bf89-74ff-42c0-ae4d-5dcef7d4e95a track
[board_modifier.py:342]: Could not add track segment due to detected collision
[board_modifier.py:254]: Track collision ignored, track starts or ends in pad S22:2
[board_modifier.py:285]: Track collision ignored, track starts or ends at the end of 0280bf89-74ff-42c0-ae4d-5dcef7d4e95a track
[board_modifier.py:336]: Adding track segment (B.Cu): [(188087000, 87630000), (187325000, 86868000)]
[board_modifier.py:264]: Track collide with pad S22:
[board_modifier.py:254]: Track collision ignored, track starts or ends in pad S22:2
[board_modifier.py:254]: Track collision ignored, track starts or ends in pad D22:2
[board_modifier.py:285]: Track collision ignored, track starts or ends at the end of e63571c1-193f-4f81-8e36-68f468546a3a track
[board_modifier.py:342]: Could not add track segment due to detected collision
[board_modifier.py:62]: Searching for D23 footprint in C:\Users\NickB\OneDrive\Desktop\fulcrum v4\fulcrum v4\fulcrum v4.kicad_pcb
[key_placer.py:93]: Routing S23 with D23
[key_placer.py:129]: Using internal autorouter method
[board_modifier.py:405]: Routing at B.Cu layer
[board_modifier.py:458]: Routing pad (207137000, 87630000) with pad (206375000, 94090000) at 0 degree angle
[board_modifier.py:264]: Track collide with pad S23:
[board_modifier.py:254]: Track collision ignored, track starts or ends in pad S23:2
[board_modifier.py:285]: Track collision ignored, track starts or ends at the end of 80091719-21f8-4690-b88c-9edb0d2b4940 track
[board_modifier.py:342]: Could not add track segment due to detected collision
[board_modifier.py:254]: Track collision ignored, track starts or ends in pad S23:2
[board_modifier.py:285]: Track collision ignored, track starts or ends at the end of 80091719-21f8-4690-b88c-9edb0d2b4940 track
[board_modifier.py:336]: Adding track segment (B.Cu): [(207137000, 87630000), (206375000, 86868000)]
[board_modifier.py:264]: Track collide with pad S23:
[board_modifier.py:254]: Track collision ignored, track starts or ends in pad S23:2
[board_modifier.py:254]: Track collision ignored, track starts or ends in pad D23:2
[board_modifier.py:285]: Track collision ignored, track starts or ends at the end of 6c5e325b-1a9f-4d10-a9d5-8621e8a59e8f track
[board_modifier.py:342]: Could not add track segment due to detected collision
[board_modifier.py:62]: Searching for D24 footprint in C:\Users\NickB\OneDrive\Desktop\fulcrum v4\fulcrum v4\fulcrum v4.kicad_pcb
[key_placer.py:93]: Routing S24 with D24
[key_placer.py:129]: Using internal autorouter method
[board_modifier.py:405]: Routing at B.Cu layer
[board_modifier.py:458]: Routing pad (226187000, 87630000) with pad (225425000, 94090000) at 0 degree angle
[board_modifier.py:264]: Track collide with pad S24:
[board_modifier.py:254]: Track collision ignored, track starts or ends in pad S24:2
[board_modifier.py:308]: Track collide with another track: 6273e246-fb15-4f6c-b22b-af2371d22951
[board_modifier.py:342]: Could not add track segment due to detected collision
[board_modifier.py:254]: Track collision ignored, track starts or ends in pad S24:2
[board_modifier.py:308]: Track collide with another track: 6273e246-fb15-4f6c-b22b-af2371d22951
[board_modifier.py:342]: Could not add track segment due to detected collision
[board_modifier.py:62]: Searching for D25 footprint in C:\Users\NickB\OneDrive\Desktop\fulcrum v4\fulcrum v4\fulcrum v4.kicad_pcb
[key_placer.py:93]: Routing S25 with D25
[key_placer.py:129]: Using internal autorouter method
[board_modifier.py:405]: Routing at B.Cu layer
[board_modifier.py:458]: Routing pad (106400000, 109475000) with pad (102980000, 114655000) at 0 degree angle
[board_modifier.py:254]: Track collision ignored, track starts or ends in pad S25:2
[board_modifier.py:285]: Track collision ignored, track starts or ends at the end of 03047edd-97fd-4c74-b6fc-5f69c6cb9986 track
[board_modifier.py:285]: Track collision ignored, track starts or ends at the end of 40f6b0e3-2060-4ac0-9f0d-b1790236acd9 track
[board_modifier.py:336]: Adding track segment (B.Cu): [(106400000, 109475000), (106400000, 111235000)]
[board_modifier.py:254]: Track collision ignored, track starts or ends in pad D25:2
[board_modifier.py:285]: Track collision ignored, track starts or ends at the end of 9ee3ec6d-718f-46aa-a258-43a876ca989b track
[board_modifier.py:285]: Track collision ignored, track starts or ends at the end of 03047edd-97fd-4c74-b6fc-5f69c6cb9986 track
[board_modifier.py:285]: Track collision ignored, track starts or ends at the end of 40f6b0e3-2060-4ac0-9f0d-b1790236acd9 track
[board_modifier.py:336]: Adding track segment (B.Cu): [(106400000, 111235000), (102980000, 114655000)]
[board_modifier.py:62]: Searching for D26 footprint in C:\Users\NickB\OneDrive\Desktop\fulcrum v4\fulcrum v4\fulcrum v4.kicad_pcb
[key_placer.py:93]: Routing S26 with D26
[key_placer.py:129]: Using internal autorouter method
[board_modifier.py:405]: Routing at B.Cu layer
[board_modifier.py:458]: Routing pad (124815000, 106935000) with pad (121395000, 112115000) at 0 degree angle
[board_modifier.py:254]: Track collision ignored, track starts or ends in pad S26:2
[board_modifier.py:285]: Track collision ignored, track starts or ends at the end of ef452b63-e750-42f2-9837-b262d92ea956 track
[board_modifier.py:336]: Adding track segment (B.Cu): [(124815000, 106935000), (124815000, 108695000)]
[board_modifier.py:254]: Track collision ignored, track starts or ends in pad D26:2
[board_modifier.py:285]: Track collision ignored, track starts or ends at the end of d73e3fc6-a70a-4f33-888b-031ef6c6e64f track
[board_modifier.py:308]: Track collide with another track: ef452b63-e750-42f2-9837-b262d92ea956
[board_modifier.py:313]: Track collision with ef452b63-e750-42f2-9837-b262d92ea956 removed due to connection with track which leads to it
[board_modifier.py:336]: Adding track segment (B.Cu): [(124815000, 108695000), (121395000, 112115000)]
[board_modifier.py:62]: Searching for D27 footprint in C:\Users\NickB\OneDrive\Desktop\fulcrum v4\fulcrum v4\fulcrum v4.kicad_pcb
[board_modifier.py:65]: Footprint not found
[key_placer.py:149]: Removing dangling tracks
[key_placer.py:161]: Removing 6c5e325b-1a9f-4d10-a9d5-8621e8a59e8f
[key_placer.py:161]: Removing e63571c1-193f-4f81-8e36-68f468546a3a
[key_placer.py:161]: Removing f5d4a972-6b8d-4af7-bf42-b9363ef40a2d
[key_placer.py:161]: Removing 1f482c15-5961-4255-9fc0-633e528d5707
[key_placer.py:161]: Removing 4fbee4f0-c75f-4174-b4d9-399fa1209a90
[key_placer.py:161]: Removing b74bb200-203a-4847-b37c-e6a8838c3382
[key_placer.py:161]: Removing d5c1d8b8-e774-4f9d-973f-1a95447879f9
[key_placer.py:161]: Removing ced9f339-8273-4116-a13a-381280717996
[key_placer.py:161]: Removing 4a25e8c6-e620-4eae-b610-c45ddc1fa59f
[key_placer.py:161]: Removing 83c03746-eaae-4f40-a302-f0d9383689e6
[key_placer.py:161]: Removing dd178caa-55f8-4276-9705-321025996dd6
[key_placer.py:161]: Removing 7d158331-42a6-4a96-8cf5-22abcd152a60
[key_placer.py:161]: Removing b21a9eb2-e1a6-4eac-8bcb-eb30d5daffb8
[key_placer.py:161]: Removing bae53a88-9005-4c5f-ae50-ff7f6da11ab6
[key_placer.py:161]: Removing f7c27456-afcb-4131-a99d-e930fda33aa5
[key_placer.py:161]: Removing 025f625d-e24c-42e7-8c37-94acb43046b4
[key_placer.py:161]: Removing 9ee667c2-f13e-4846-8e35-82247939bc43
[key_placer.py:161]: Removing 794179f4-cf02-4cfc-945f-ecb7d043a19c
[key_placer.py:161]: Removing afb51346-4643-4a8e-bf18-73646c4d47e6
[key_placer.py:161]: Removing defa5b76-61af-4ec9-9bc6-13e7cdf3a228
[key_placer.py:161]: Removing 274b7407-ed82-4810-ac71-f9572b950ceb
[key_placer.py:161]: Removing 0c19743e-d446-45b2-bd45-203954dab595
[key_placer.py:161]: Removing 7f59ca1d-4f82-4fb3-9d99-10bf13ec8cb7
[key_placer.py:161]: Removing 687b8681-003d-4787-8958-7ff8b56104e0
[key_placer.py:161]: Removing 00511f97-7fac-4407-ae5d-3e78e6417606
[key_placer.py:161]: Removing 6aaad8ff-bc08-4f34-9987-4d77ea3ec84b
[key_placer.py:161]: Removing 849ebfa5-2d9f-40af-9162-a9a14eaae0bc
[key_placer.py:161]: Removing c7ef3f84-0c05-41da-a807-83a67afee962
[key_placer.py:161]: Removing c3bea17a-e14b-43dd-8ec5-d692b11f9d46
[key_placer.py:161]: Removing 40b80d04-f128-495b-9269-07d9f6a726bc
[key_placer.py:161]: Removing ba3abedd-3b6a-407e-ad75-385b4987b02a
[key_placer.py:161]: Removing d7089538-b8d5-4d2f-ac81-edd5b47375cb
[key_placer.py:161]: Removing 41cfd351-04ed-45b9-9da9-9f1808f26997
[key_placer.py:161]: Removing 189c9a82-679e-454c-a500-f7b6306dc2b9
[key_placer.py:161]: Removing 450ff19c-5179-4de0-8538-85ab8dde8b61
[key_placer.py:161]: Removing 0f2bab17-4d35-47ed-99e0-daaba24b72de
[key_placer.py:161]: Removing f4993121-a467-451d-9f53-ab5457824981
[key_placer.py:161]: Removing 8ca8e55a-8d71-4229-8b3c-9402c1607fe4
[key_placer.py:161]: Removing 37a4639d-99cc-400e-af6a-b786da21804a
[key_placer.py:161]: Removing e4a3a493-dbe8-4724-9753-29651c776d1b
[key_placer.py:161]: Removing 82673ec6-e958-4861-adb9-eb0611bc83b1
[key_placer.py:161]: Removing f92a16d3-e8e5-4860-9872-04ad5e3a7810
[key_placer.py:161]: Removing fc9a3a33-9b97-4277-a23a-da12ada5141f
[key_placer.py:161]: Removing 7dc628cd-52a7-4041-a34b-9354525d6421
[key_placer.py:161]: Removing 162140cc-b2a8-484a-b425-fe033d724e58
[key_placer.py:161]: Removing 20261497-0394-4de2-9cc5-15efbb5a9276
[key_placer.py:161]: Removing 89be2b85-3dc3-4162-9b20-71848cd3c12b
[key_placer.py:161]: Removing a8f4246e-bfff-4724-b67d-637f275e2268
[key_placer.py:161]: Removing df56ee5f-ab76-4bad-9246-13fd8a410517
[key_placer.py:161]: Removing cc4a224c-f662-42df-b155-e410514cc82c
[key_placer.py:161]: Removing 0bd1630c-85d2-4558-a3df-d19d78d211bc
[key_placer.py:161]: Removing 322a5b3c-0ad0-486e-911f-fa90668e58e8
[key_placer.py:161]: Removing b5d037b4-f51f-4a23-9219-339d6cf80d3e
[key_placer.py:161]: Removing 0c3a93bb-afef-4a5b-8a20-e5af86337297
[key_placer.py:161]: Removing 9b23e75d-4269-4b47-91e7-2889a265169d
[key_placer.py:161]: Removing 2fdb67ab-aa0c-4bbc-865a-dafcde1cd31f
[key_placer.py:161]: Removing ea335836-4ae6-4ef5-877b-991281f1c17b
[key_placer.py:161]: Removing 13d7a1c2-3d3c-4597-8356-9fb5b1450950
[key_placer.py:161]: Removing 3995b1d7-1b0f-4516-88e3-580642281c98
[key_placer.py:149]: Removing dangling tracks
[key_placer.py:161]: Removing 4219b95e-1bc9-4d3c-b5ed-0777c958745f
[key_placer.py:161]: Removing 9ec78332-7ed7-41e6-9b4e-8f450bf34211
[key_placer.py:161]: Removing c9ca77d6-e3db-48a5-8097-74dc0f4b6374
[key_placer.py:161]: Removing d3a81b34-4d2f-421d-adff-d313f2fae1ec
[key_placer.py:161]: Removing da5b430e-8798-46bd-8f08-0a42badf2db2
[key_placer.py:161]: Removing 2ad00985-64fa-46e4-8343-534cb56c4627
[key_placer.py:161]: Removing 2a45e7b5-0bcc-498c-806e-52423251539b
[key_placer.py:161]: Removing 750d8f1b-058e-4588-8f7a-8040a450938c
[key_placer.py:161]: Removing 76e12144-0861-4f6f-b7c2-1ea6bac9062f
[key_placer.py:161]: Removing fc4ebb06-b301-4411-8d49-841b5903cde9
[key_placer.py:161]: Removing 7815468b-882b-4499-8a15-e3a6899efdf1
[key_placer.py:161]: Removing 48cbad2a-5469-4d55-b9a9-ef03b27a25e5
[key_placer.py:161]: Removing 0af90ed9-c7f2-40f5-a0ec-2b3a3d095d28
[key_placer.py:161]: Removing f540483b-82c8-4daa-aded-f0459b763966
[key_placer.py:161]: Removing 3870adc9-5b36-4222-b9ad-dc6849d5e4ed
[key_placer.py:161]: Removing e63feb89-9e3d-4b43-9c02-03ce7acdb206
[key_placer.py:161]: Removing 89831945-35ff-4017-89b7-753bc9aae0ac
[key_placer.py:161]: Removing 0e159a7d-db8a-4466-ba60-363eedde397e
[key_placer.py:161]: Removing d3e55bce-e60f-4b05-8d19-3b0765c44e29
[key_placer.py:161]: Removing 28f288aa-e323-4a4b-8a12-07bca83e8dec
[key_placer.py:161]: Removing e11ea493-eac0-48cb-a185-ac4f63bb845f
[key_placer.py:161]: Removing bcca8c4a-e158-43b6-8c45-7f61ba4cd82c
[key_placer.py:161]: Removing 99dfb983-4b38-4287-a764-6bcf05554185
[key_placer.py:161]: Removing 9d923f79-9abd-4bcc-92bb-0f392622054c
[key_placer.py:161]: Removing ea7dd634-df2e-4fa2-8ac0-c7421083518b
[key_placer.py:161]: Removing 0b0c31c7-d480-439b-b7d1-0f5226f31010
[key_placer.py:161]: Removing ab5002b5-7d84-4ff6-8c60-0aff6339a6b1
[key_placer.py:161]: Removing fd806f47-56b1-4d20-b015-bbb939194f36
[key_placer.py:161]: Removing dcea7ecb-a7c3-48dd-87dd-40446cad88f9
[key_placer.py:161]: Removing c2ff0915-612c-48b5-ada7-469cad234bde
[key_placer.py:161]: Removing ef452b63-e750-42f2-9837-b262d92ea956
[key_placer.py:149]: Removing dangling tracks
[key_placer.py:161]: Removing 8779d8c9-d43d-47bd-8a0e-f2b71a263008
[key_placer.py:161]: Removing b0576ba5-8215-4a97-b726-a4922b07648e
[key_placer.py:161]: Removing ce3eac2e-e209-465c-81de-47ae7a435f77
[key_placer.py:161]: Removing 1ed1bfa9-f8fa-4e2a-81dd-a466f1e4849d
[key_placer.py:161]: Removing 159bb22d-f33b-4af3-b8b7-8da6fb3d2c0e
[key_placer.py:161]: Removing 7a900522-fa62-4ef2-9745-a077f9a29062
[key_placer.py:161]: Removing 4c0528b4-ccb1-4f81-b473-abcdf80297c2
[key_placer.py:161]: Removing 72a95981-dd9a-4d94-9ace-898f0eafd4cb
[key_placer.py:161]: Removing 7d2959ca-46a8-459c-b5d1-e78e1b2fbe02
[key_placer.py:161]: Removing c8809089-642a-47f0-a18d-0c57ba71f03b
[key_placer.py:161]: Removing fcff0fdd-cac8-4e92-82d2-fe4562d7b601
[key_placer.py:161]: Removing b179c4df-e27c-4c5e-9204-15215f166ff8
[key_placer.py:161]: Removing 711fb478-bb7b-448f-bba4-14f95feafae7
[key_placer.py:161]: Removing 01e8dd4c-2a90-457f-a016-2636eee21384
[key_placer.py:161]: Removing 4f9949a2-0211-4e09-a8ab-b251f1d92bd1
[key_placer.py:161]: Removing f4dae6fe-f5fa-4ce2-865f-a58298db9f65
[key_placer.py:161]: Removing 64a26bf5-a301-4605-9418-77ef858588fe
[key_placer.py:161]: Removing 1dc838a0-5e87-4e8a-9fe3-4e61062f1a48
[key_placer.py:161]: Removing 784a0dfc-6592-4178-849d-2c2dc9955b2c
[key_placer.py:161]: Removing 95c85a3a-8cb2-457b-82f1-c14ffe470995
[key_placer.py:161]: Removing d81f6ff5-0deb-4553-a77f-7d48c0159904
[key_placer.py:161]: Removing 229f54eb-867d-42ab-8877-dab5dfc75456
[key_placer.py:161]: Removing 42d951ab-9347-4b54-8162-7b22835420f9
[key_placer.py:161]: Removing ce3a967a-6f59-4f04-8265-5e08a32090f4
[key_placer.py:161]: Removing bc7fbe37-4de3-466e-987c-c29ccee5e5df
[key_placer.py:161]: Removing 3ee5380a-379c-4acd-8ce9-8d0d25b5cd6f
[key_placer.py:161]: Removing a21a4a16-9d81-450f-8118-7fbdb289efb3
[key_placer.py:161]: Removing e670b64d-282d-48ef-9569-20b6b19db680
[key_placer.py:161]: Removing 6273e246-fb15-4f6c-b22b-af2371d22951
[key_placer.py:149]: Removing dangling tracks
[key_placer.py:161]: Removing f9fc561c-0029-4400-9466-07be4869255e
[key_placer.py:161]: Removing 982daef5-3633-41da-80d2-838615a70d3f
[key_placer.py:161]: Removing 51259a07-f2bd-4fea-9835-76c22efc469e
[key_placer.py:161]: Removing 4cc4afb9-3701-4f07-9d31-fed8d8bf7221
[key_placer.py:161]: Removing 1db88cb8-f982-4f00-a1f4-3c32f38fe78f
[key_placer.py:161]: Removing f82da7b2-767b-4936-8114-8e51719000f6
[key_placer.py:161]: Removing 93628fc3-9483-4e40-abb8-4f7b29bc361c
[key_placer.py:161]: Removing abc2ce02-b2b1-4f04-97fb-ba1ef11e5e80
[key_placer.py:161]: Removing 25e8ef32-833b-4d4c-b2bf-7d458b8a56d7
[key_placer.py:161]: Removing 278289b4-9840-4bf1-8828-0846e1b66073
[key_placer.py:161]: Removing d68fbdcc-987a-4ae1-a1b0-696c5beccaa2
[key_placer.py:161]: Removing be23dedf-ee24-423b-a99e-0b5c9d3f96ed
[key_placer.py:161]: Removing 1289c6bc-aba5-4673-bffe-298be345eb4f
[key_placer.py:161]: Removing 6a03dc15-315c-4a17-b315-16a69620980a
[key_placer.py:161]: Removing 7d02d9b6-f2d2-475a-aa87-29a4196b8b22
[key_placer.py:161]: Removing 040bebf8-f3f0-46b5-9ce0-43711aa232f1
[key_placer.py:161]: Removing 56db6535-dd56-482e-a809-77150dcc7f69
[key_placer.py:161]: Removing 46aa4e79-5ebe-4b2f-bd61-90c4f0a22009
[key_placer.py:161]: Removing 0280bf89-74ff-42c0-ae4d-5dcef7d4e95a
[key_placer.py:161]: Removing 80091719-21f8-4690-b88c-9edb0d2b4940
[key_placer.py:149]: Removing dangling tracks
[key_placer.py:161]: Removing daf0fc7a-95a6-48bb-aaa9-5e29b9c1eb3c
[key_placer.py:161]: Removing 977e0073-29e5-4b08-86f3-a1dbac8f0d40
[key_placer.py:161]: Removing a35ce1cd-3310-4c07-9355-baa9315d64ef
[key_placer.py:161]: Removing ee0589e0-0a2b-4770-bf60-f372c575a67a
[key_placer.py:161]: Removing 2fa18cf4-924c-437e-8e59-0ea19f47f956
[key_placer.py:161]: Removing 76580ce9-99e1-49f6-b0a6-3343161effde
[key_placer.py:161]: Removing 880d52e7-0daa-4b3c-9244-913d5150a089
[key_placer.py:149]: Removing dangling tracks
[key_placer.py:161]: Removing b598ed40-bd73-4d54-8d24-94fda79ad794
[key_placer.py:161]: Removing 4c9567a6-5b2f-4327-8330-be50586d0e6c
[key_placer.py:161]: Removing 74793a28-55e6-4c50-b1aa-d98ca64c9bb4
[key_placer.py:161]: Removing 6be85554-3e53-439b-be56-91087001d7d9
[key_placer.py:161]: Removing 3d097612-a25a-48a6-9252-be3798efbffc
[key_placer.py:149]: Removing dangling tracks
[key_placer.py:161]: Removing a1f50a30-171a-4ab1-a33c-4a4079623438
[key_placer.py:161]: Removing fb1c0bf3-4c7a-44f0-8d50-594e02f5be03
[key_placer.py:161]: Removing 9bcec739-39d0-4f89-9f0f-d1e204e40619
[key_placer.py:161]: Removing 5e15a0b9-4c23-4dec-b398-207858235aa6
[key_placer.py:161]: Removing cc5b6ac7-2eab-43d8-bbcf-9e34ec0b531e
[key_placer.py:149]: Removing dangling tracks
[key_placer.py:161]: Removing a77bdbdd-6c36-4230-9d15-141bfc3d7f96
[key_placer.py:161]: Removing 8fe13c39-cf7a-41e5-b2d0-96256d3248a3
[key_placer.py:161]: Removing 0d87c4b8-4a05-4f88-bc5d-1f0e7db46888
[key_placer.py:161]: Removing 8a7264e5-eefc-4684-9a9c-36de920e17df
[key_placer.py:149]: Removing dangling tracks
[key_placer.py:161]: Removing 6fea89eb-1da9-4eb1-b65b-793c07446955
[key_placer.py:161]: Removing b9bf7b54-2ae7-49f7-985e-03307b8580b9
[key_placer.py:161]: Removing bddeee20-c438-4f17-a4a3-ed22a3078918
[key_placer.py:149]: Removing dangling tracks
[key_placer.py:161]: Removing 290f12a4-12d1-4283-baab-5fb5abe8fdda
[key_placer.py:161]: Removing fc6be5a4-027c-419b-8ef8-82a93e56b49e
[key_placer.py:149]: Removing dangling tracks
[key_placer.py:161]: Removing 3ed20dc7-5c53-4390-a601-30426db7c8de
[key_placer.py:161]: Removing a04a7db8-84b7-41b9-9390-5a958e3494e1
[key_placer.py:149]: Removing dangling tracks
[key_placer.py:161]: Removing c3688f39-2906-45cf-8a70-c9a25973ecdf
[key_placer.py:161]: Removing cf6be648-fefa-4a1a-8a8f-3d2e983eba30
[key_placer.py:149]: Removing dangling tracks
[key_placer.py:161]: Removing 94852be2-4188-4757-a928-86850cabe7ac
[key_placer.py:161]: Removing a73984eb-c647-4cec-ac0d-ecbc7236e1e3
[key_placer.py:149]: Removing dangling tracks
[key_placer.py:161]: Removing aeb4b4c3-82de-41ef-9b26-cf877a49009e
[key_placer.py:161]: Removing aef153b4-4024-46be-a36e-b7f5602dd8c2
[key_placer.py:149]: Removing dangling tracks
[key_placer.py:161]: Removing ba904a96-d36a-4805-86a7-6c985d1e31dc
[key_placer.py:149]: Removing dangling tracks
[key_placer.py:161]: Removing f5e3b2cd-850c-4760-886b-9168da2d8bd4
[key_placer.py:149]: Removing dangling tracks
[key_placer.py:161]: Removing 328eba36-01b7-4c01-ac87-051fbc29cc70
[key_placer.py:149]: Removing dangling tracks
[key_placer.py:161]: Removing 4df15827-3e07-4fe4-8fd8-271c2ee66d4c
[key_placer.py:149]: Removing dangling tracks
